SF:lib/main.dart
DA:6,0
DA:7,0
DA:12,0
DA:14,0
DA:15,0
DA:16,0
DA:18,0
DA:22,0
LF:8
LH:0
end_of_record
SF:lib/pages/posts_list/posts_list.dart
DA:12,2
DA:14,1
DA:15,1
DA:19,1
DA:21,1
DA:26,2
DA:28,1
DA:29,1
DA:35,1
DA:37,1
DA:38,3
DA:41,1
DA:43,1
DA:44,2
DA:45,1
DA:46,2
DA:47,2
DA:52,1
DA:53,2
DA:54,2
DA:58,0
DA:59,0
DA:65,0
DA:66,0
DA:69,0
DA:71,0
DA:73,0
DA:74,0
DA:75,0
DA:76,0
DA:77,0
DA:78,0
DA:80,0
DA:84,0
DA:85,0
DA:87,0
LF:36
LH:20
end_of_record
SF:lib/providers/posts_provider.dart
DA:16,3
DA:18,1
DA:19,2
DA:23,2
DA:24,4
DA:26,1
DA:27,0
DA:31,2
DA:33,1
DA:34,0
DA:37,3
DA:41,2
DA:45,4
DA:47,1
DA:48,0
DA:49,0
DA:50,0
DA:52,1
DA:53,1
DA:54,1
DA:58,0
DA:59,0
DA:60,0
DA:61,0
DA:63,0
DA:65,0
DA:66,0
DA:67,0
DA:70,0
DA:74,1
DA:78,3
DA:80,2
DA:81,0
DA:82,0
DA:83,0
DA:85,1
DA:86,1
DA:87,1
DA:89,7
DA:92,0
DA:94,0
DA:95,0
DA:96,0
DA:98,0
DA:103,1
DA:104,1
DA:108,1
DA:109,2
LF:48
LH:26
end_of_record
SF:lib/data/api_call_response.dart
DA:6,2
DA:9,2
DA:10,4
DA:11,2
DA:12,2
DA:13,2
DA:16,1
DA:17,2
DA:18,1
DA:19,1
DA:20,1
DA:23,1
DA:24,2
DA:25,2
DA:26,2
DA:27,2
DA:30,1
DA:32,5
LF:18
LH:18
end_of_record
SF:lib/data/posts.dart
DA:7,4
DA:9,2
DA:10,4
DA:11,4
DA:12,4
DA:13,4
DA:16,1
DA:17,1
DA:18,2
DA:19,2
DA:20,2
DA:21,2
LF:12
LH:12
end_of_record
SF:lib/pages/post_detail.dart
DA:8,4
DA:10,2
DA:12,2
DA:13,5
DA:14,2
DA:15,2
DA:16,2
DA:18,6
DA:19,2
DA:20,6
DA:28,2
DA:29,2
DA:32,2
DA:33,2
DA:34,1
DA:35,2
DA:41,2
DA:42,2
DA:43,2
DA:45,2
DA:48,2
DA:50,2
DA:52,10
DA:54,2
DA:57,2
DA:58,4
DA:60,2
DA:62,2
DA:65,6
DA:66,2
LF:30
LH:30
end_of_record
SF:lib/pages/posts_list/error_widget.dart
DA:5,2
DA:7,1
DA:9,1
DA:12,4
LF:4
LH:4
end_of_record
SF:lib/pages/posts_list/post_item.dart
DA:10,2
DA:12,1
DA:14,1
DA:15,1
DA:16,1
DA:18,1
DA:19,4
DA:20,0
DA:21,0
DA:22,0
DA:27,1
DA:28,1
DA:29,1
DA:34,1
DA:35,1
DA:36,1
DA:37,1
DA:38,1
DA:39,4
DA:40,1
DA:43,4
DA:45,4
DA:46,0
DA:54,1
DA:55,4
DA:57,1
DA:58,2
DA:61,1
DA:62,2
LF:29
LH:25
end_of_record
